Added Component: Designator=C1(CP1.5/3.4)
Added Component: Designator=C2(CP1/2)
Added Component: Designator=C3(CP1/2)
Added Component: Designator=D1(D1A)
Added Component: Designator=D2(D1A)
Added Component: Designator=D3(D1A)
Added Component: Designator=D4(D1A)
Added Component: Designator=IC1(QTO-220)
Added Component: Designator=IC2(DIP40/W0.6)
Added Component: Designator=IC3(DIP15SL2)
Added Component: Designator=JDC1(DC-IN)
Added Component: Designator=JP1(HED2)
Added Component: Designator=JP2(CON4)
Added Component: Designator=LCD1(LCD16X2)
Added Component: Designator=LED1(LED-3)
Added Component: Designator=LED2(LED-3)
Added Component: Designator=LED3(LED-3)
Added Component: Designator=R1(R1/4W)
Added Component: Designator=R2(R1/4W)
Added Component: Designator=R3(R1/4W)
Added Component: Designator=R4(R1/4W)
Added Component: Designator=R5(R1/4W)
Added Component: Designator=R6(R1/4W)
Added Component: Designator=R7(R1/4W)
Added Component: Designator=SW1(SW4)
Added Component: Designator=SW2(SW4)
Added Component: Designator=SW3(SW4)
Added Component: Designator=VR1(VR)
Added Component: Designator=X1(XT2)
Added Pin To Net: NetName=A Pin=IC2-16
Added Pin To Net: NetName=A Pin=IC3-5
Added Net: Name=A
Added Pin To Net: NetName=BT1 Pin=IC2-1
Added Pin To Net: NetName=BT1 Pin=R6-1
Added Pin To Net: NetName=BT1 Pin=SW2-2
Added Pin To Net: NetName=BT1 Pin=SW2-4
Added Net: Name=BT1
Added Pin To Net: NetName=BT2 Pin=IC2-2
Added Pin To Net: NetName=BT2 Pin=R7-2
Added Pin To Net: NetName=BT2 Pin=SW3-2
Added Pin To Net: NetName=BT2 Pin=SW3-4
Added Net: Name=BT2
Added Pin To Net: NetName=B Pin=IC2-17
Added Pin To Net: NetName=B Pin=IC3-7
Added Net: Name=B
Added Pin To Net: NetName=ENCODER_A Pin=IC2-12
Added Pin To Net: NetName=ENCODER_A Pin=JP2-2
Added Net: Name=ENCODER_A
Added Pin To Net: NetName=ENCODER_B Pin=IC2-13
Added Pin To Net: NetName=ENCODER_B Pin=JP2-3
Added Net: Name=ENCODER_B
Added Pin To Net: NetName=EN Pin=IC2-23
Added Pin To Net: NetName=EN Pin=LCD1-6
Added Net: Name=EN
Added Pin To Net: NetName=GND Pin=C1-2
Added Pin To Net: NetName=GND Pin=C2-2
Added Pin To Net: NetName=GND Pin=D3-1
Added Pin To Net: NetName=GND Pin=D4-1
Added Pin To Net: NetName=GND Pin=IC1-2
Added Pin To Net: NetName=GND Pin=IC2-20
Added Pin To Net: NetName=GND Pin=IC3-1
Added Pin To Net: NetName=GND Pin=IC3-8
Added Pin To Net: NetName=GND Pin=IC3-15
Added Pin To Net: NetName=GND Pin=JDC1-2
Added Pin To Net: NetName=GND Pin=JP2-4
Added Pin To Net: NetName=GND Pin=LCD1-1
Added Pin To Net: NetName=GND Pin=LCD1-16
Added Pin To Net: NetName=GND Pin=R2-1
Added Pin To Net: NetName=GND Pin=R5-1
Added Pin To Net: NetName=GND Pin=SW2-1
Added Pin To Net: NetName=GND Pin=SW2-3
Added Pin To Net: NetName=GND Pin=SW3-1
Added Pin To Net: NetName=GND Pin=SW3-3
Added Pin To Net: NetName=GND Pin=VR1-3
Added Net: Name=GND
Added Pin To Net: NetName=LCD4 Pin=IC2-24
Added Pin To Net: NetName=LCD4 Pin=LCD1-11
Added Net: Name=LCD4
Added Pin To Net: NetName=LCD5 Pin=IC2-25
Added Pin To Net: NetName=LCD5 Pin=LCD1-12
Added Net: Name=LCD5
Added Pin To Net: NetName=LCD6 Pin=IC2-26
Added Pin To Net: NetName=LCD6 Pin=LCD1-13
Added Net: Name=LCD6
Added Pin To Net: NetName=LCD7 Pin=IC2-27
Added Pin To Net: NetName=LCD7 Pin=LCD1-14
Added Net: Name=LCD7
Added Pin To Net: NetName=NetC3_2 Pin=C3-2
Added Pin To Net: NetName=NetC3_2 Pin=IC2-9
Added Pin To Net: NetName=NetC3_2 Pin=R5-2
Added Pin To Net: NetName=NetC3_2 Pin=SW1-2
Added Pin To Net: NetName=NetC3_2 Pin=SW1-4
Added Net: Name=NetC3_2
Added Pin To Net: NetName=NetD1_1 Pin=D1-1
Added Pin To Net: NetName=NetD1_1 Pin=D3-2
Added Pin To Net: NetName=NetD1_1 Pin=IC3-2
Added Pin To Net: NetName=NetD1_1 Pin=JP1-1
Added Pin To Net: NetName=NetD1_1 Pin=R3-2
Added Pin To Net: NetName=NetD1_1 Pin=R4-2
Added Net: Name=NetD1_1
Added Pin To Net: NetName=NetD2_1 Pin=D2-1
Added Pin To Net: NetName=NetD2_1 Pin=D4-2
Added Pin To Net: NetName=NetD2_1 Pin=IC3-3
Added Pin To Net: NetName=NetD2_1 Pin=JP1-2
Added Pin To Net: NetName=NetD2_1 Pin=LED2-2
Added Pin To Net: NetName=NetD2_1 Pin=LED3-1
Added Net: Name=NetD2_1
Added Pin To Net: NetName=NetIC2_18 Pin=IC2-18
Added Pin To Net: NetName=NetIC2_18 Pin=X1-2
Added Net: Name=NetIC2_18
Added Pin To Net: NetName=NetIC2_19 Pin=IC2-19
Added Pin To Net: NetName=NetIC2_19 Pin=X1-1
Added Net: Name=NetIC2_19
Added Pin To Net: NetName=NetLCD1_3 Pin=LCD1-3
Added Pin To Net: NetName=NetLCD1_3 Pin=VR1-2
Added Net: Name=NetLCD1_3
Added Pin To Net: NetName=NetLCD1_15 Pin=LCD1-15
Added Pin To Net: NetName=NetLCD1_15 Pin=R1-1
Added Net: Name=NetLCD1_15
Added Pin To Net: NetName=NetLED1_2 Pin=LED1-2
Added Pin To Net: NetName=NetLED1_2 Pin=R2-2
Added Net: Name=NetLED1_2
Added Pin To Net: NetName=NetLED2_1 Pin=LED2-1
Added Pin To Net: NetName=NetLED2_1 Pin=R3-1
Added Net: Name=NetLED2_1
Added Pin To Net: NetName=NetLED3_2 Pin=LED3-2
Added Pin To Net: NetName=NetLED3_2 Pin=R4-1
Added Net: Name=NetLED3_2
Added Pin To Net: NetName=PWM Pin=IC2-15
Added Pin To Net: NetName=PWM Pin=IC3-6
Added Net: Name=PWM
Added Pin To Net: NetName=RS Pin=IC2-21
Added Pin To Net: NetName=RS Pin=LCD1-4
Added Net: Name=RS
Added Pin To Net: NetName=RW Pin=IC2-22
Added Pin To Net: NetName=RW Pin=LCD1-5
Added Net: Name=RW
Added Pin To Net: NetName=VCC_9V Pin=C1-1
Added Pin To Net: NetName=VCC_9V Pin=D1-2
Added Pin To Net: NetName=VCC_9V Pin=D2-2
Added Pin To Net: NetName=VCC_9V Pin=IC1-1
Added Pin To Net: NetName=VCC_9V Pin=IC3-4
Added Pin To Net: NetName=VCC_9V Pin=JDC1-1
Added Pin To Net: NetName=VCC_9V Pin=LED1-1
Added Net: Name=VCC_9V
Added Pin To Net: NetName=VCC Pin=C2-1
Added Pin To Net: NetName=VCC Pin=C3-1
Added Pin To Net: NetName=VCC Pin=IC1-3
Added Pin To Net: NetName=VCC Pin=IC2-31
Added Pin To Net: NetName=VCC Pin=IC2-40
Added Pin To Net: NetName=VCC Pin=IC3-9
Added Pin To Net: NetName=VCC Pin=JP2-1
Added Pin To Net: NetName=VCC Pin=LCD1-2
Added Pin To Net: NetName=VCC Pin=R1-2
Added Pin To Net: NetName=VCC Pin=R6-2
Added Pin To Net: NetName=VCC Pin=R7-1
Added Pin To Net: NetName=VCC Pin=SW1-1
Added Pin To Net: NetName=VCC Pin=SW1-3
Added Pin To Net: NetName=VCC Pin=VR1-1
Added Net: Name=VCC
Added Class: Name=Sheet1
Added Room: Name=Sheet1
