2021-12-03 10:02:00,880 [INFO] Activator:177 - 


2021-12-03 10:02:00,882 [INFO] Activator:178 - !SESSION log4j initialized
2021-12-03 10:02:56,165 [INFO] McuFinderGlobals:39 - Set McuFinder mode to 2 (CubeIDE integrated)
2021-12-03 10:03:00,790 [INFO] ApplicationProperties:181 - Using Application install path: C:\ST\STM32CubeIDE_1.7.0\STM32CubeIDE\plugins\com.st.stm32cube.common.mx_6.3.0.202107141111
2021-12-03 10:03:00,923 [INFO] DbMcusXml:74 - Set database path to: C:\ST\STM32CubeIDE_1.7.0\STM32CubeIDE\plugins\com.st.stm32cube.common.mx_6.3.0.202107141111\\db\/mcu/
2021-12-03 10:03:00,930 [INFO] DbBoardsPdsc:56 - Set plugin database path to: C:\ST\STM32CubeIDE_1.7.0\STM32CubeIDE\plugins\com.st.stm32cube.common.mx_6.3.0.202107141111\\db\/plugins/boardmanager/
2021-12-03 10:03:00,931 [INFO] DbMcus:258 - Set plugin images path to: C:\ST\STM32CubeIDE_1.7.0\STM32CubeIDE\plugins\com.st.stm32cube.common.mx_6.3.0.202107141111\\db\/plugins/mcufinder/images/
2021-12-03 10:03:00,931 [INFO] DbBoards:264 - Set plugin images path to: C:\ST\STM32CubeIDE_1.7.0\STM32CubeIDE\plugins\com.st.stm32cube.common.mx_6.3.0.202107141111\\db\/plugins/mcufinder/images/
2021-12-03 10:03:00,935 [INFO] DbExamples:333 - Set plugin images path to: C:\ST\STM32CubeIDE_1.7.0\STM32CubeIDE\plugins\com.st.stm32cube.common.mx_6.3.0.202107141111\\db\/plugins/mcufinder/images/
2021-12-03 10:03:01,085 [INFO] DbMcusAds:119 - Set database path to: C:\Users\acer\.stmcufinder\plugins\mcufinder//mcu/
2021-12-03 10:03:01,087 [INFO] DbMcusDocs:110 - Set database path to: C:\Users\acer\.stmcufinder\plugins\mcufinder//mcu/
2021-12-03 10:03:01,090 [INFO] DbMcusJson:64 - Set database path to: C:\Users\acer\.stmcufinder\plugins\mcufinder//mcu/
2021-12-03 10:03:01,091 [INFO] DbBoardsDocs:110 - Set database path to: C:\Users\acer\.stmcufinder\plugins\mcufinder//mcu/
2021-12-03 10:03:01,093 [INFO] DbBoardsJson:57 - Set database path to: C:\Users\acer\.stmcufinder\plugins\mcufinder//mcu/
2021-12-03 10:03:01,106 [INFO] CrossReferenceDbSqlite:196 - Set database path to: C:\Users\acer\.stmcufinder\plugins\mcufinder//mcu/cs/
2021-12-03 10:03:01,110 [INFO] DbExamplesSqlite:767 - Set database path to: C:\Users\acer\.stmcufinder\plugins\mcufinder//mcu/
2021-12-03 10:03:01,704 [INFO] RulesReader:57 - Compatibility file has been processed (242 Rules)
2021-12-03 10:03:02,086 [INFO] DbMcusXml:74 - Set database path to: C:\ST\STM32CubeIDE_1.7.0\STM32CubeIDE\plugins\com.st.stm32cube.common.mx_6.3.0.202107141111\\db\/mcu/
2021-12-03 10:03:02,087 [INFO] DbBoardsPdsc:56 - Set plugin database path to: C:\ST\STM32CubeIDE_1.7.0\STM32CubeIDE\plugins\com.st.stm32cube.common.mx_6.3.0.202107141111\\db\/plugins/boardmanager/
2021-12-03 10:03:02,087 [INFO] DbMcus:258 - Set plugin images path to: C:\ST\STM32CubeIDE_1.7.0\STM32CubeIDE\plugins\com.st.stm32cube.common.mx_6.3.0.202107141111\\db\/plugins/mcufinder/images/
2021-12-03 10:03:02,087 [INFO] DbBoards:264 - Set plugin images path to: C:\ST\STM32CubeIDE_1.7.0\STM32CubeIDE\plugins\com.st.stm32cube.common.mx_6.3.0.202107141111\\db\/plugins/mcufinder/images/
2021-12-03 10:03:02,088 [INFO] DbExamples:333 - Set plugin images path to: C:\ST\STM32CubeIDE_1.7.0\STM32CubeIDE\plugins\com.st.stm32cube.common.mx_6.3.0.202107141111\\db\/plugins/mcufinder/images/
2021-12-03 10:03:02,088 [WARN] DbFile:35 - Overriding database path with different value: C:\Users\acer\.stmcufinder\plugins\mcufinder/ => C:\Users\acer\.stmcufinder\plugins\mcufinder
2021-12-03 10:03:02,088 [INFO] DbMcusAds:119 - Set database path to: C:\Users\acer\.stmcufinder\plugins\mcufinder//mcu/
2021-12-03 10:03:02,088 [WARN] DbFile:35 - Overriding database path with different value: C:\Users\acer\.stmcufinder\plugins\mcufinder/ => C:\Users\acer\.stmcufinder\plugins\mcufinder
2021-12-03 10:03:02,088 [INFO] DbMcusDocs:110 - Set database path to: C:\Users\acer\.stmcufinder\plugins\mcufinder//mcu/
2021-12-03 10:03:02,088 [WARN] DbFile:35 - Overriding database path with different value: C:\Users\acer\.stmcufinder\plugins\mcufinder/ => C:\Users\acer\.stmcufinder\plugins\mcufinder
2021-12-03 10:03:02,089 [INFO] DbMcusJson:64 - Set database path to: C:\Users\acer\.stmcufinder\plugins\mcufinder//mcu/
2021-12-03 10:03:02,089 [WARN] DbFile:35 - Overriding database path with different value: C:\Users\acer\.stmcufinder\plugins\mcufinder/ => C:\Users\acer\.stmcufinder\plugins\mcufinder
2021-12-03 10:03:02,089 [INFO] DbBoardsDocs:110 - Set database path to: C:\Users\acer\.stmcufinder\plugins\mcufinder//mcu/
2021-12-03 10:03:02,089 [WARN] DbFile:35 - Overriding database path with different value: C:\Users\acer\.stmcufinder\plugins\mcufinder/ => C:\Users\acer\.stmcufinder\plugins\mcufinder
2021-12-03 10:03:02,089 [INFO] DbBoardsJson:57 - Set database path to: C:\Users\acer\.stmcufinder\plugins\mcufinder//mcu/
2021-12-03 10:03:02,089 [WARN] DbFile:35 - Overriding database path with different value: C:\Users\acer\.stmcufinder\plugins\mcufinder/ => C:\Users\acer\.stmcufinder\plugins\mcufinder
2021-12-03 10:03:02,090 [WARN] DbFile:35 - Overriding database path with different value: C:\Users\acer\.stmcufinder\plugins\mcufinder/ => C:\Users\acer\.stmcufinder\plugins\mcufinder
2021-12-03 10:03:02,090 [INFO] CrossReferenceDbSqlite:196 - Set database path to: C:\Users\acer\.stmcufinder\plugins\mcufinder//mcu/cs/
2021-12-03 10:03:02,090 [WARN] DbFile:35 - Overriding database path with different value: C:\Users\acer\.stmcufinder\plugins\mcufinder/ => C:\Users\acer\.stmcufinder\plugins\mcufinder
2021-12-03 10:03:02,090 [INFO] DbExamplesSqlite:767 - Set database path to: C:\Users\acer\.stmcufinder\plugins\mcufinder//mcu/
2021-12-03 10:03:02,251 [INFO] MainPanel:214 - HeapMemory: 503316480
2021-12-03 10:03:02,839 [INFO] DbMcusXml:74 - Set database path to: C:\ST\STM32CubeIDE_1.7.0\STM32CubeIDE\plugins\com.st.stm32cube.common.mx_6.3.0.202107141111\\db\/mcu/
2021-12-03 10:03:02,839 [INFO] DbBoardsPdsc:56 - Set plugin database path to: C:\ST\STM32CubeIDE_1.7.0\STM32CubeIDE\plugins\com.st.stm32cube.common.mx_6.3.0.202107141111\\db\/plugins/boardmanager/
2021-12-03 10:03:02,839 [INFO] DbMcus:258 - Set plugin images path to: C:\ST\STM32CubeIDE_1.7.0\STM32CubeIDE\plugins\com.st.stm32cube.common.mx_6.3.0.202107141111\\db\/plugins/mcufinder/images/
2021-12-03 10:03:02,839 [INFO] DbBoards:264 - Set plugin images path to: C:\ST\STM32CubeIDE_1.7.0\STM32CubeIDE\plugins\com.st.stm32cube.common.mx_6.3.0.202107141111\\db\/plugins/mcufinder/images/
2021-12-03 10:03:02,839 [INFO] DbExamples:333 - Set plugin images path to: C:\ST\STM32CubeIDE_1.7.0\STM32CubeIDE\plugins\com.st.stm32cube.common.mx_6.3.0.202107141111\\db\/plugins/mcufinder/images/
2021-12-03 10:03:02,840 [WARN] DbFile:35 - Overriding database path with different value: C:\Users\acer\.stmcufinder\plugins\mcufinder/ => C:\Users\acer\.stmcufinder\plugins\mcufinder
2021-12-03 10:03:02,841 [INFO] DbMcusAds:119 - Set database path to: C:\Users\acer\.stmcufinder\plugins\mcufinder//mcu/
2021-12-03 10:03:02,841 [WARN] DbFile:35 - Overriding database path with different value: C:\Users\acer\.stmcufinder\plugins\mcufinder/ => C:\Users\acer\.stmcufinder\plugins\mcufinder
2021-12-03 10:03:02,841 [INFO] DbMcusDocs:110 - Set database path to: C:\Users\acer\.stmcufinder\plugins\mcufinder//mcu/
2021-12-03 10:03:02,841 [WARN] DbFile:35 - Overriding database path with different value: C:\Users\acer\.stmcufinder\plugins\mcufinder/ => C:\Users\acer\.stmcufinder\plugins\mcufinder
2021-12-03 10:03:02,841 [INFO] DbMcusJson:64 - Set database path to: C:\Users\acer\.stmcufinder\plugins\mcufinder//mcu/
2021-12-03 10:03:02,841 [WARN] DbFile:35 - Overriding database path with different value: C:\Users\acer\.stmcufinder\plugins\mcufinder/ => C:\Users\acer\.stmcufinder\plugins\mcufinder
2021-12-03 10:03:02,841 [INFO] DbBoardsDocs:110 - Set database path to: C:\Users\acer\.stmcufinder\plugins\mcufinder//mcu/
2021-12-03 10:03:02,841 [WARN] DbFile:35 - Overriding database path with different value: C:\Users\acer\.stmcufinder\plugins\mcufinder/ => C:\Users\acer\.stmcufinder\plugins\mcufinder
2021-12-03 10:03:02,841 [INFO] DbBoardsJson:57 - Set database path to: C:\Users\acer\.stmcufinder\plugins\mcufinder//mcu/
2021-12-03 10:03:02,842 [WARN] DbFile:35 - Overriding database path with different value: C:\Users\acer\.stmcufinder\plugins\mcufinder/ => C:\Users\acer\.stmcufinder\plugins\mcufinder
2021-12-03 10:03:02,842 [WARN] DbFile:35 - Overriding database path with different value: C:\Users\acer\.stmcufinder\plugins\mcufinder/ => C:\Users\acer\.stmcufinder\plugins\mcufinder
2021-12-03 10:03:02,842 [INFO] CrossReferenceDbSqlite:196 - Set database path to: C:\Users\acer\.stmcufinder\plugins\mcufinder//mcu/cs/
2021-12-03 10:03:02,842 [WARN] DbFile:35 - Overriding database path with different value: C:\Users\acer\.stmcufinder\plugins\mcufinder/ => C:\Users\acer\.stmcufinder\plugins\mcufinder
2021-12-03 10:03:02,842 [INFO] DbExamplesSqlite:767 - Set database path to: C:\Users\acer\.stmcufinder\plugins\mcufinder//mcu/
2021-12-03 10:03:02,862 [INFO] ApplicationProperties:181 - Using Application install path: C:\ST\STM32CubeIDE_1.7.0\STM32CubeIDE\plugins\com.st.stm32cube.common.mx_6.3.0.202107141111
2021-12-03 10:03:02,863 [INFO] PluginManage:188 - Search for loadable plugins [exclusion list=, ]
2021-12-03 10:03:02,865 [INFO] PluginManage:302 - Check plugin analytics
2021-12-03 10:03:03,227 [INFO] AnalyticsPlugin:257 - Accepted Software Licenses: STM32CubeMX.6.0.1,STM32CubeMX.6.3.0
2021-12-03 10:03:03,228 [INFO] AnalyticsPlugin:259 - Accepted CMSIS Pack Licenses: 
2021-12-03 10:03:03,228 [INFO] AnalyticsPlugin:261 - Accepted Firmware Licenses: 
2021-12-03 10:03:03,228 [INFO] PluginManage:352 - Loaded plugin analytics (category:tool,tabindex:-1)
2021-12-03 10:03:03,229 [INFO] PluginManage:302 - Check plugin clock
2021-12-03 10:03:03,353 [INFO] PluginManage:352 - Loaded plugin clock (category:base,tabindex:2)
2021-12-03 10:03:03,353 [INFO] PluginManage:302 - Check plugin ddr
2021-12-03 10:03:03,357 [INFO] PluginManage:352 - Loaded plugin ddr (category:tool,tabindex:6)
2021-12-03 10:03:03,357 [INFO] PluginManage:302 - Check plugin filemanager
2021-12-03 10:03:03,763 [INFO] PluginManage:352 - Loaded plugin filemanager (category:base,tabindex:10)
2021-12-03 10:03:03,764 [INFO] PluginManage:302 - Check plugin ipmanager
2021-12-03 10:03:03,800 [INFO] PluginManage:352 - Loaded plugin ipmanager (category:base,tabindex:5)
2021-12-03 10:03:03,800 [INFO] PluginManage:302 - Check plugin pinoutandconfiguration
2021-12-03 10:03:03,873 [INFO] PluginManage:352 - Loaded plugin pinoutandconfiguration (category:base,tabindex:1)
2021-12-03 10:03:03,874 [INFO] PluginManage:302 - Check plugin pinoutconfig
2021-12-03 10:03:03,967 [INFO] PluginManage:352 - Loaded plugin pinoutconfig (category:base,tabindex:0)
2021-12-03 10:03:03,967 [INFO] PluginManage:302 - Check plugin power
2021-12-03 10:03:04,148 [INFO] PluginManage:352 - Loaded plugin power (category:power,tabindex:4)
2021-12-03 10:03:04,149 [INFO] PluginManage:302 - Check plugin projectmanager
2021-12-03 10:03:04,419 [INFO] PluginManage:352 - Loaded plugin projectmanager (category:projectmanager,tabindex:3)
2021-12-03 10:03:04,419 [INFO] PluginManage:302 - Check plugin thirdparty
2021-12-03 10:03:05,568 [WARN] IntegrityCheckThread:78 - waiting for thirdparty lock release [integrity check]
2021-12-03 10:03:05,568 [INFO] PluginManage:352 - Loaded plugin thirdparty (category:base,tabindex:-1)
2021-12-03 10:03:05,568 [INFO] PluginManage:302 - Check plugin tools
2021-12-03 10:03:05,568 [INFO] IntegrityCheckThread:80 - entering critical section [integrity check]
2021-12-03 10:03:05,569 [INFO] ThirdPartyUpdaterWithRetryManager:66 - Updater plugin not ready yet. [1/15]
2021-12-03 10:03:05,647 [INFO] PluginManage:352 - Loaded plugin tools (category:base,tabindex:7)
2021-12-03 10:03:05,647 [INFO] PluginManage:302 - Check plugin tutovideos
2021-12-03 10:03:06,441 [INFO] PluginManage:352 - Loaded plugin tutovideos (category:base,tabindex:-1)
2021-12-03 10:03:06,441 [INFO] PluginManage:302 - Check plugin updater
2021-12-03 10:03:06,489 [INFO] PluginManage:352 - Loaded plugin updater (category:base,tabindex:12)
2021-12-03 10:03:06,490 [INFO] PluginManage:275 - PluginManage : Loaded plugins [13]
2021-12-03 10:03:07,200 [INFO] PinOutPanel:1463 - setPackage(No Configuration,No Configuration)
2021-12-03 10:03:07,437 [INFO] IPUIPlugin:74 - create IPUIPlugin
2021-12-03 10:03:07,437 [INFO] PluginManager:213 - loadIPPluginJar : add adc
2021-12-03 10:03:07,532 [INFO] IPUIPlugin:74 - create IPUIPlugin
2021-12-03 10:03:07,532 [INFO] PluginManager:213 - loadIPPluginJar : add aes
2021-12-03 10:03:07,606 [INFO] IPUIPlugin:74 - create IPUIPlugin
2021-12-03 10:03:07,607 [INFO] PluginManager:213 - loadIPPluginJar : add can
2021-12-03 10:03:07,735 [INFO] IPUIPlugin:74 - create IPUIPlugin
2021-12-03 10:03:07,736 [INFO] PluginManager:213 - loadIPPluginJar : add comp
2021-12-03 10:03:07,806 [INFO] IPUIPlugin:74 - create IPUIPlugin
2021-12-03 10:03:07,806 [INFO] PluginManager:213 - loadIPPluginJar : add cryp
2021-12-03 10:03:07,919 [INFO] IPUIPlugin:74 - create IPUIPlugin
2021-12-03 10:03:07,919 [INFO] PluginManager:213 - loadIPPluginJar : add dfsdm
2021-12-03 10:03:08,021 [INFO] IPUIPlugin:74 - create IPUIPlugin
2021-12-03 10:03:08,022 [INFO] PluginManager:213 - loadIPPluginJar : add dma
2021-12-03 10:03:08,126 [INFO] IPUIPlugin:74 - create IPUIPlugin
2021-12-03 10:03:08,126 [INFO] PluginManager:213 - loadIPPluginJar : add dma3
2021-12-03 10:03:08,184 [INFO] IPUIPlugin:74 - create IPUIPlugin
2021-12-03 10:03:08,185 [INFO] PluginManager:213 - loadIPPluginJar : add fatfs
2021-12-03 10:03:08,511 [INFO] IPUIPlugin:74 - create IPUIPlugin
2021-12-03 10:03:08,511 [INFO] PluginManager:213 - loadIPPluginJar : add fmc
2021-12-03 10:03:08,572 [INFO] ThirdPartyUpdaterWithRetryManager:66 - Updater plugin not ready yet. [2/15]
2021-12-03 10:03:08,584 [INFO] IPUIPlugin:74 - create IPUIPlugin
2021-12-03 10:03:08,585 [INFO] PluginManager:213 - loadIPPluginJar : add freertos
2021-12-03 10:03:08,611 [INFO] IPUIPlugin:74 - create IPUIPlugin
2021-12-03 10:03:08,611 [INFO] PluginManager:213 - loadIPPluginJar : add genericplugin
2021-12-03 10:03:08,732 [INFO] IPUIPlugin:74 - create IPUIPlugin
2021-12-03 10:03:08,732 [INFO] PluginManager:213 - loadIPPluginJar : add gfxmmu
2021-12-03 10:03:08,933 [INFO] IPUIPlugin:74 - create IPUIPlugin
2021-12-03 10:03:08,933 [INFO] PluginManager:213 - loadIPPluginJar : add gic
2021-12-03 10:03:08,986 [INFO] IPUIPlugin:74 - create IPUIPlugin
2021-12-03 10:03:08,987 [INFO] PluginManager:213 - loadIPPluginJar : add gpio
2021-12-03 10:03:09,068 [INFO] IPUIPlugin:74 - create IPUIPlugin
2021-12-03 10:03:09,068 [INFO] PluginManager:213 - loadIPPluginJar : add gtzc
2021-12-03 10:03:09,134 [INFO] IPUIPlugin:74 - create IPUIPlugin
2021-12-03 10:03:09,135 [INFO] PluginManager:213 - loadIPPluginJar : add hash
2021-12-03 10:03:09,226 [INFO] IPUIPlugin:74 - create IPUIPlugin
2021-12-03 10:03:09,226 [INFO] PluginManager:213 - loadIPPluginJar : add i2c
2021-12-03 10:03:09,300 [INFO] IPUIPlugin:74 - create IPUIPlugin
2021-12-03 10:03:09,300 [INFO] PluginManager:213 - loadIPPluginJar : add i2s
2021-12-03 10:03:09,357 [INFO] IPUIPlugin:74 - create IPUIPlugin
2021-12-03 10:03:09,358 [INFO] PluginManager:213 - loadIPPluginJar : add ipddr
2021-12-03 10:03:09,532 [INFO] IPUIPlugin:74 - create IPUIPlugin
2021-12-03 10:03:09,532 [INFO] PluginManager:213 - loadIPPluginJar : add linkedlist
2021-12-03 10:03:09,619 [INFO] IPUIPlugin:74 - create IPUIPlugin
2021-12-03 10:03:09,620 [INFO] PluginManager:213 - loadIPPluginJar : add lorawan
2021-12-03 10:03:09,672 [INFO] IPUIPlugin:74 - create IPUIPlugin
2021-12-03 10:03:09,674 [INFO] PluginManager:213 - loadIPPluginJar : add ltdc
2021-12-03 10:03:09,711 [INFO] IPUIPlugin:74 - create IPUIPlugin
2021-12-03 10:03:09,712 [INFO] PluginManager:213 - loadIPPluginJar : add mdma
2021-12-03 10:03:09,734 [INFO] IPUIPlugin:74 - create IPUIPlugin
2021-12-03 10:03:09,734 [INFO] PluginManager:213 - loadIPPluginJar : add nvic
2021-12-03 10:03:09,807 [INFO] IPUIPlugin:74 - create IPUIPlugin
2021-12-03 10:03:09,807 [INFO] PluginManager:213 - loadIPPluginJar : add opamp
2021-12-03 10:03:09,955 [INFO] IPUIPlugin:74 - create IPUIPlugin
2021-12-03 10:03:09,955 [INFO] PluginManager:213 - loadIPPluginJar : add openamp
2021-12-03 10:03:10,041 [INFO] IPUIPlugin:74 - create IPUIPlugin
2021-12-03 10:03:10,041 [INFO] PluginManager:213 - loadIPPluginJar : add pdm2pcm
2021-12-03 10:03:10,078 [INFO] IPUIPlugin:74 - create IPUIPlugin
2021-12-03 10:03:10,082 [INFO] PluginManager:213 - loadIPPluginJar : add plateformsettings
2021-12-03 10:03:10,161 [INFO] IPUIPlugin:74 - create IPUIPlugin
2021-12-03 10:03:10,162 [INFO] PluginManager:213 - loadIPPluginJar : add quadspi
2021-12-03 10:03:10,235 [INFO] IPUIPlugin:74 - create IPUIPlugin
2021-12-03 10:03:10,235 [INFO] PluginManager:213 - loadIPPluginJar : add resmgrutility
2021-12-03 10:03:10,302 [INFO] IPUIPlugin:74 - create IPUIPlugin
2021-12-03 10:03:10,304 [INFO] PluginManager:213 - loadIPPluginJar : add sai
2021-12-03 10:03:10,342 [INFO] IPUIPlugin:74 - create IPUIPlugin
2021-12-03 10:03:10,343 [INFO] PluginManager:213 - loadIPPluginJar : add spi
2021-12-03 10:03:10,480 [INFO] IPUIPlugin:74 - create IPUIPlugin
2021-12-03 10:03:10,480 [INFO] PluginManager:213 - loadIPPluginJar : add stm32_wpan
2021-12-03 10:03:10,545 [INFO] IPUIPlugin:74 - create IPUIPlugin
2021-12-03 10:03:10,546 [INFO] PluginManager:213 - loadIPPluginJar : add tim
2021-12-03 10:03:10,633 [INFO] IPUIPlugin:74 - create IPUIPlugin
2021-12-03 10:03:10,634 [INFO] PluginManager:213 - loadIPPluginJar : add touchsensing
2021-12-03 10:03:10,700 [INFO] IPUIPlugin:74 - create IPUIPlugin
2021-12-03 10:03:10,701 [INFO] PluginManager:213 - loadIPPluginJar : add tracer_emb
2021-12-03 10:03:10,796 [INFO] IPUIPlugin:74 - create IPUIPlugin
2021-12-03 10:03:10,797 [INFO] PluginManager:213 - loadIPPluginJar : add ts
2021-12-03 10:03:10,824 [INFO] IPUIPlugin:74 - create IPUIPlugin
2021-12-03 10:03:10,824 [INFO] PluginManager:213 - loadIPPluginJar : add tsc
2021-12-03 10:03:10,852 [INFO] IPUIPlugin:74 - create IPUIPlugin
2021-12-03 10:03:10,852 [INFO] PluginManager:213 - loadIPPluginJar : add ucpd
2021-12-03 10:03:10,928 [INFO] IPUIPlugin:74 - create IPUIPlugin
2021-12-03 10:03:10,928 [INFO] PluginManager:213 - loadIPPluginJar : add usart
2021-12-03 10:03:10,966 [INFO] IPUIPlugin:74 - create IPUIPlugin
2021-12-03 10:03:10,966 [INFO] PluginManager:213 - loadIPPluginJar : add usbx
2021-12-03 10:03:11,579 [INFO] ThirdPartyUpdaterWithRetryManager:66 - Updater plugin not ready yet. [3/15]
2021-12-03 10:03:11,752 [FATAL] Updater:294 - Updater called before beeing initialized
2021-12-03 10:03:12,067 [FATAL] Updater:294 - Updater called before beeing initialized
2021-12-03 10:03:12,099 [INFO] DbMcusAds:47 - JSON generation date=Thu Sep 30 13:55:09 ICT 2021 (1632984909377)
2021-12-03 10:03:12,099 [FATAL] Updater:294 - Updater called before beeing initialized
2021-12-03 10:03:12,265 [WARN] DetailPanel:314 - Failed to get advertising image, set to default
2021-12-03 10:03:12,664 [FATAL] Updater:294 - Updater called before beeing initialized
2021-12-03 10:03:12,669 [FATAL] Updater:294 - Updater called before beeing initialized
2021-12-03 10:03:12,669 [FATAL] Updater:294 - Updater called before beeing initialized
2021-12-03 10:03:12,670 [WARN] DetailPanel:314 - Failed to get advertising image, set to default
2021-12-03 10:03:12,672 [FATAL] Updater:294 - Updater called before beeing initialized
2021-12-03 10:03:12,814 [ERROR] Updater:1075 - MainUpdater not yet initialized. External WinMGr cannot be set.
2021-12-03 10:03:12,987 [INFO] Updater:1012 - Updater Version found : 6.3.0
2021-12-03 10:03:13,186 [INFO] ApplicationProperties:181 - Using Application install path: C:\ST\STM32CubeIDE_1.7.0\STM32CubeIDE\plugins\com.st.stm32cube.common.mx_6.3.0.202107141111
2021-12-03 10:03:14,127 [INFO] MainUpdater:2671 - connection check result : 10
2021-12-03 10:03:14,127 [INFO] MainUpdater:265 - Updater Check For Update Now.
2021-12-03 10:03:14,128 [INFO] MicroXplorer:478 - Change Database Version : DB.6.0.30
2021-12-03 10:03:14,392 [INFO] CheckServerUpdateThread:112 - End of CheckServer Thread
2021-12-03 10:03:14,503 [INFO] MainUpdater:2671 - connection check result : 10
2021-12-03 10:03:14,534 [INFO] MainUpdater:2671 - connection check result : 10
2021-12-03 10:03:14,953 [WARN] PackLoader:238 - Cannot read IP mode file for STMicroelectronics.X-CUBE-BLE1.6.2.1
2021-12-03 10:03:15,008 [WARN] PackLoader:238 - Cannot read IP mode file for STMicroelectronics.X-CUBE-BLE1.6.2.2
2021-12-03 10:03:15,039 [WARN] PackLoader:238 - Cannot read IP mode file for STMicroelectronics.X-CUBE-BLE2.3.2.1
2021-12-03 10:03:15,200 [WARN] PackLoader:238 - Cannot read IP mode file for STMicroelectronics.X-CUBE-BLE2.3.2.2
2021-12-03 10:03:15,283 [WARN] PackLoader:238 - Cannot read IP mode file for STMicroelectronics.X-CUBE-NFC4.2.0.3
2021-12-03 10:03:15,334 [WARN] PackLoader:238 - Cannot read IP mode file for STMicroelectronics.X-CUBE-SFXS2LP1.3.1.0
2021-12-03 10:03:15,473 [WARN] PackLoader:238 - Cannot read IP mode file for STMicroelectronics.X-CUBE-AZRTOS-F4.1.0.0
2021-12-03 10:03:15,523 [INFO] MicroXplorer:448 - Change Database Path : 
2021-12-03 10:03:15,524 [INFO] MicroXplorer:478 - Change Database Version : DB.6.0.30
2021-12-03 10:03:15,525 [WARN] ThirdParty:813 - waiting for thirdparty lock release [close project]
2021-12-03 10:03:15,551 [WARN] PackLoader:238 - Cannot read IP mode file for STMicroelectronics.X-CUBE-TOF1.2.0.0
2021-12-03 10:03:15,603 [WARN] PackLoader:238 - Cannot read IP mode file for STMicroelectronics.X-CUBE-SUBG2.4.2.0
2021-12-03 10:03:15,652 [WARN] PackLoader:238 - Cannot read IP mode file for STMicroelectronics.X-CUBE-ALGOBUILD.1.2.1
2021-12-03 10:03:15,687 [WARN] PackLoader:238 - Cannot read IP mode file for STMicroelectronics.X-CUBE-TOUCHGFX.4.18.0
2021-12-03 10:03:15,843 [WARN] PackLoader:238 - Cannot read IP mode file for STMicroelectronics.X-CUBE-MEMS1.9.0.0
2021-12-03 10:03:16,398 [WARN] PackLoader:238 - Cannot read IP mode file for SEGGER.I-CUBE-embOS.1.2.0
2021-12-03 10:03:16,637 [WARN] PackLoader:238 - Cannot read IP mode file for STMicroelectronics.X-CUBE-AZRTOS-H7.2.0.0
2021-12-03 10:03:16,736 [WARN] PackLoader:238 - Cannot read IP mode file for STMicroelectronics.X-CUBE-AZRTOS-L4.1.0.0
2021-12-03 10:03:16,898 [WARN] PackLoader:238 - Cannot read IP mode file for STMicroelectronics.X-CUBE-MEMS1.9.1.0
2021-12-03 10:03:17,188 [WARN] PackLoader:238 - Cannot read IP mode file for STMicroelectronics.X-CUBE-ALS.1.0.1
2021-12-03 10:03:17,204 [WARN] PackLoader:238 - Cannot read IP mode file for STMicroelectronics.X-CUBE-AI.7.0.0
2021-12-03 10:03:17,224 [WARN] PackLoader:238 - Cannot read IP mode file for STMicroelectronics.X-CUBE-EEPRMA1.3.1.0
2021-12-03 10:03:17,270 [WARN] PackLoader:238 - Cannot read IP mode file for STMicroelectronics.X-CUBE-DISPLAY.2.0.0
2021-12-03 10:03:17,273 [INFO] ThirdParty:915 - Integrity check success = true
2021-12-03 10:03:17,273 [INFO] IntegrityCheckThread:94 - exiting critical section [integrity check]
2021-12-03 10:03:17,273 [INFO] IntegrityCheckThread:97 - End integrity checks thread
2021-12-03 10:03:17,273 [INFO] ThirdParty:815 - entering critical section [close project]
2021-12-03 10:03:17,275 [INFO] ThirdParty:825 - exiting critical section [close project]
2021-12-03 10:03:17,281 [INFO] PinOutPanel:1463 - setPackage(No Configuration,No Configuration)
2021-12-03 10:03:17,282 [INFO] UtilMem:74 - Begin LoadConfig() Used Memory: 549090760 Bytes (649068544)
2021-12-03 10:03:17,285 [INFO] MicroXplorer:448 - Change Database Path : 
2021-12-03 10:03:17,285 [INFO] MicroXplorer:478 - Change Database Version : DB.6.0.30
2021-12-03 10:03:17,285 [INFO] OpenFileManager:313 - Change cursor
2021-12-03 10:03:19,910 [INFO] Context:592 - Trying to add GPIOservice into a context  which must be forbidden
2021-12-03 10:03:20,447 [WARN] ApiManager:304 - Cannot register API 'Board Extension:S2868A1' from pack STMicroelectronics.X-CUBE-SFXS2LP1.3.1.0: no header file found
2021-12-03 10:03:20,447 [WARN] ApiManager:304 - Cannot register API 'Board Extension:S2868A2' from pack STMicroelectronics.X-CUBE-SFXS2LP1.3.1.0: no header file found
2021-12-03 10:03:20,447 [WARN] ApiManager:304 - Cannot register API 'Board Extension:S2915A1' from pack STMicroelectronics.X-CUBE-SFXS2LP1.3.1.0: no header file found
2021-12-03 10:03:20,464 [WARN] ModelIntegratedComponent:60 - No mode defined for component null
2021-12-03 10:03:20,464 [WARN] ModelIntegratedComponent:60 - No mode defined for component null
2021-12-03 10:03:20,464 [WARN] ModelIntegratedComponent:60 - No mode defined for component null
2021-12-03 10:03:20,464 [WARN] ModelIntegratedComponent:60 - No mode defined for component null
2021-12-03 10:03:20,464 [WARN] ModelIntegratedComponent:60 - No mode defined for component null
2021-12-03 10:03:20,464 [WARN] ModelIntegratedComponent:60 - No mode defined for component null
2021-12-03 10:03:20,464 [WARN] ModelIntegratedComponent:60 - No mode defined for component null
2021-12-03 10:03:20,465 [WARN] ModelIntegratedComponent:60 - No mode defined for component null
2021-12-03 10:03:20,465 [WARN] ModelIntegratedComponent:60 - No mode defined for component null
2021-12-03 10:03:20,465 [WARN] ModelIntegratedComponent:60 - No mode defined for component null
2021-12-03 10:03:20,465 [WARN] ModelIntegratedComponent:60 - No mode defined for component null
2021-12-03 10:03:20,465 [WARN] ModelIntegratedComponent:60 - No mode defined for component null
2021-12-03 10:03:20,465 [WARN] ModelIntegratedComponent:60 - No mode defined for component null
2021-12-03 10:03:20,465 [WARN] ModelIntegratedComponent:60 - No mode defined for component null
2021-12-03 10:03:20,465 [WARN] ModelIntegratedComponent:60 - No mode defined for component null
2021-12-03 10:03:20,465 [WARN] ModelIntegratedComponent:60 - No mode defined for component null
2021-12-03 10:03:20,465 [WARN] ModelIntegratedComponent:60 - No mode defined for component null
2021-12-03 10:03:20,466 [WARN] ModelIntegratedComponent:60 - No mode defined for component null
2021-12-03 10:03:20,466 [WARN] ModelIntegratedComponent:60 - No mode defined for component null
2021-12-03 10:03:20,466 [WARN] ModelIntegratedComponent:60 - No mode defined for component null
2021-12-03 10:03:20,466 [WARN] ModelIntegratedComponent:60 - No mode defined for component null
2021-12-03 10:03:20,466 [WARN] ModelIntegratedComponent:60 - No mode defined for component null
2021-12-03 10:03:20,466 [WARN] ModelIntegratedComponent:60 - No mode defined for component null
2021-12-03 10:03:20,467 [WARN] ModelIntegratedComponent:60 - No mode defined for component null
2021-12-03 10:03:20,467 [WARN] ModelIntegratedComponent:60 - No mode defined for component null
2021-12-03 10:03:20,467 [WARN] ModelIntegratedComponent:60 - No mode defined for component null
2021-12-03 10:03:20,467 [WARN] ModelIntegratedComponent:60 - No mode defined for component null
2021-12-03 10:03:20,467 [WARN] ModelIntegratedComponent:60 - No mode defined for component null
2021-12-03 10:03:20,467 [WARN] ModelIntegratedComponent:60 - No mode defined for component null
2021-12-03 10:03:20,467 [WARN] ModelIntegratedComponent:60 - No mode defined for component null
2021-12-03 10:03:20,468 [WARN] ModelIntegratedComponent:60 - No mode defined for component null
2021-12-03 10:03:20,716 [WARN] ApiManager:304 - Cannot register API 'Board Extension:IKS01A3' from pack STMicroelectronics.X-CUBE-MEMS1.9.0.0: no header file found
2021-12-03 10:03:20,716 [WARN] ApiManager:304 - Cannot register API 'Board Extension:IKS01A2' from pack STMicroelectronics.X-CUBE-MEMS1.9.0.0: no header file found
2021-12-03 10:03:20,716 [WARN] ApiManager:304 - Cannot register API 'Board Extension:IKS02A1' from pack STMicroelectronics.X-CUBE-MEMS1.9.0.0: no header file found
2021-12-03 10:03:20,728 [WARN] ApiManager:304 - Cannot register API 'Board Extension:S2868A1' from pack STMicroelectronics.X-CUBE-SUBG2.4.2.0: no header file found
2021-12-03 10:03:20,728 [WARN] ApiManager:304 - Cannot register API 'Board Extension:S2868A2' from pack STMicroelectronics.X-CUBE-SUBG2.4.2.0: no header file found
2021-12-03 10:03:20,728 [WARN] ApiManager:304 - Cannot register API 'Board Extension:S2915A1' from pack STMicroelectronics.X-CUBE-SUBG2.4.2.0: no header file found
2021-12-03 10:03:20,947 [WARN] ApiManager:304 - Cannot register API 'Board Extension:IKS01A3' from pack STMicroelectronics.X-CUBE-MEMS1.9.1.0: no header file found
2021-12-03 10:03:20,947 [WARN] ApiManager:304 - Cannot register API 'Board Extension:IKS01A2' from pack STMicroelectronics.X-CUBE-MEMS1.9.1.0: no header file found
2021-12-03 10:03:20,948 [WARN] ApiManager:304 - Cannot register API 'Board Extension:IKS02A1' from pack STMicroelectronics.X-CUBE-MEMS1.9.1.0: no header file found
2021-12-03 10:03:20,959 [INFO] RtosManager:484 - Registered RTOS mode: class=CMSIS, group=RTOS, mode=CMSIS_V1, owner=FREERTOS
2021-12-03 10:03:20,959 [INFO] RtosManager:484 - Registered RTOS mode: class=CMSIS, group=RTOS2, mode=CMSIS_V2, owner=FREERTOS
2021-12-03 10:03:20,959 [INFO] RtosManager:484 - Registered RTOS mode: class=RTOS, group=Core, mode=CMSIS_V1, owner=FREERTOS
2021-12-03 10:03:20,959 [INFO] RtosManager:484 - Registered RTOS mode: class=RTOS, group=Core, mode=CMSIS_V2, owner=FREERTOS
2021-12-03 10:03:20,959 [WARN] ModelIntegratedComponent:181 - Missing modes for component STMicroelectronics:FreeRTOS:0.0.1:STMicroelectronics:RTOS:FreeRTOS:Core:::10.2.0:
2021-12-03 10:03:20,966 [WARN] ApiManager:304 - Cannot register API 'Board Extension:EEPRMA1' from pack STMicroelectronics.X-CUBE-EEPRMA1.3.1.0: no header file found
2021-12-03 10:03:20,966 [WARN] ApiManager:304 - Cannot register API 'Board Extension:EEPRMA2' from pack STMicroelectronics.X-CUBE-EEPRMA1.3.1.0: no header file found
2021-12-03 10:03:20,967 [WARN] ApiManager:304 - Cannot register API 'Wireless:BlueNRG-MS' from pack STMicroelectronics.X-CUBE-BLE1.6.2.1: no header file found
2021-12-03 10:03:20,967 [WARN] ApiManager:304 - Cannot register API 'Wireless:BlueNRG-MS' from pack STMicroelectronics.X-CUBE-BLE1.6.2.2: no header file found
2021-12-03 10:03:20,968 [WARN] ApiManager:304 - Cannot register API 'Wireless:BlueNRG-2' from pack STMicroelectronics.X-CUBE-BLE2.3.2.1: no header file found
2021-12-03 10:03:20,969 [WARN] ApiManager:304 - Cannot register API 'Wireless:BlueNRG-2' from pack STMicroelectronics.X-CUBE-BLE2.3.2.2: no header file found
2021-12-03 10:03:20,970 [WARN] ApiManager:304 - Cannot register API 'Board Extension:NFC04A1' from pack STMicroelectronics.X-CUBE-NFC4.2.0.3: no header file found
2021-12-03 10:03:22,560 [INFO] ImportTextPane:167 - (OptionalMessage_ERROR) IP (DMA) : Parameter (Instance) has Id (ADC1) currently not set
2021-12-03 10:03:22,560 [INFO] ImportTextPane:167 - (OptionalMessage_ERROR) IP (DMA) : Parameter (Direction) has Id (ADC1) currently not set
2021-12-03 10:03:22,561 [INFO] ImportTextPane:167 - (OptionalMessage_ERROR) IP (DMA) : Parameter (PeriphInc) has Id (ADC1) currently not set
2021-12-03 10:03:22,561 [INFO] ImportTextPane:167 - (OptionalMessage_ERROR) IP (DMA) : Parameter (MemInc) has Id (ADC1) currently not set
2021-12-03 10:03:22,561 [INFO] ImportTextPane:167 - (OptionalMessage_ERROR) IP (DMA) : Parameter (PeriphDataAlignment) has Id (ADC1) currently not set
2021-12-03 10:03:22,562 [INFO] ImportTextPane:167 - (OptionalMessage_ERROR) IP (DMA) : Parameter (MemDataAlignment) has Id (ADC1) currently not set
2021-12-03 10:03:22,562 [INFO] ImportTextPane:167 - (OptionalMessage_ERROR) IP (DMA) : Parameter (Mode) has Id (ADC1) currently not set
2021-12-03 10:03:22,562 [INFO] ImportTextPane:167 - (OptionalMessage_ERROR) IP (DMA) : Parameter (Priority) has Id (ADC1) currently not set
2021-12-03 10:03:22,823 [INFO] UtilMem:74 - End LoadConfig() Used Memory: 489828544 Bytes (649068544)
2021-12-03 10:03:22,826 [INFO] DbMcusXml:100 - Load MCU database from C:\ST\STM32CubeIDE_1.7.0\STM32CubeIDE\plugins\com.st.stm32cube.common.mx_6.3.0.202107141111\\db\/mcu/families.xml
2021-12-03 10:03:24,669 [INFO] DbMcusJson:93 - JSON generation date=Tue Nov 16 23:17:54 ICT 2021 (1637079474)
2021-12-03 10:03:25,888 [INFO] DbMcus:175 - Found 1951 MCUs (1903 are supported by CubeMX, 1914 are visible in CubeMX)
2021-12-03 10:03:25,919 [INFO] ApiDb:251 - Load user favorites file C:\Users\acer/.stm32cubeide/favorites.mcus.txt: 2 item(s)
2021-12-03 10:03:25,919 [INFO] ApiDb:255 - User favorites MCUs=[STM32F103C6Tx, STM32F103C8Tx]
2021-12-03 10:03:25,921 [INFO] DbMcus:187 - Set 2 / 2 favorites MCUs
2021-12-03 10:03:26,052 [WARN] ThirdParty:779 - waiting for thirdparty lock release [change project]
2021-12-03 10:03:26,052 [INFO] ThirdParty:781 - entering critical section [change project]
2021-12-03 10:03:26,053 [INFO] ThirdParty:967 - CMSIS Pack Vendor :STMicroelectronics X-CUBE-SFXS2LP1 3.1.0
2021-12-03 10:03:26,053 [INFO] ThirdParty:967 - CMSIS Pack Vendor :STMicroelectronics X-CUBE-AZRTOS-F4 1.0.0
2021-12-03 10:03:26,053 [INFO] ThirdParty:967 - CMSIS Pack Vendor :STMicroelectronics USB_HOST 2.0.0
2021-12-03 10:03:26,053 [INFO] ThirdParty:967 - CMSIS Pack Vendor :STMicroelectronics X-CUBE-AZRTOS-H7 2.0.0
2021-12-03 10:03:26,053 [INFO] ThirdParty:967 - CMSIS Pack Vendor :STMicroelectronics X-CUBE-AZRTOS-L4 1.0.0
2021-12-03 10:03:26,053 [INFO] ThirdParty:967 - CMSIS Pack Vendor :STMicroelectronics USB_DEVICE 3.0.0
2021-12-03 10:03:26,053 [INFO] ThirdParty:967 - CMSIS Pack Vendor :STMicroelectronics X-CUBE-TOF1 2.0.0
2021-12-03 10:03:26,054 [INFO] ThirdParty:967 - CMSIS Pack Vendor :STMicroelectronics HAL Drivers 0.0.0
2021-12-03 10:03:26,054 [INFO] ThirdParty:967 - CMSIS Pack Vendor :STMicroelectronics MBEDTLS 2.16.2
2021-12-03 10:03:26,054 [INFO] ThirdParty:967 - CMSIS Pack Vendor :STMicroelectronics MBEDTLS 2.14.1
2021-12-03 10:03:26,055 [INFO] ThirdParty:967 - CMSIS Pack Vendor :STMicroelectronics X-CUBE-MEMS1 9.0.0
2021-12-03 10:03:26,055 [INFO] ThirdParty:967 - CMSIS Pack Vendor :STMicroelectronics X-CUBE-SUBG2 4.2.0
2021-12-03 10:03:26,055 [INFO] ThirdParty:967 - CMSIS Pack Vendor :STMicroelectronics X-CUBE-MEMS1 9.1.0
2021-12-03 10:03:26,055 [INFO] ThirdParty:967 - CMSIS Pack Vendor :STMicroelectronics X-CUBE-ALS 1.0.1
2021-12-03 10:03:26,055 [INFO] ThirdParty:967 - CMSIS Pack Vendor :STMicroelectronics USB_DEVICE 2.0.0
2021-12-03 10:03:26,055 [INFO] ThirdParty:967 - CMSIS Pack Vendor :STMicroelectronics X-CUBE-AI 7.0.0
2021-12-03 10:03:26,055 [INFO] ThirdParty:967 - CMSIS Pack Vendor :STMicroelectronics X-CUBE-ALGOBUILD 1.2.1
2021-12-03 10:03:26,055 [INFO] ThirdParty:967 - CMSIS Pack Vendor :STMicroelectronics FreeRTOS 0.0.1
2021-12-03 10:03:26,055 [INFO] ThirdParty:967 - CMSIS Pack Vendor :STMicroelectronics USB_DEVICE 1.0.0
2021-12-03 10:03:26,055 [INFO] ThirdParty:967 - CMSIS Pack Vendor :SEGGER I-CUBE-embOS 1.2.0
2021-12-03 10:03:26,055 [INFO] ThirdParty:967 - CMSIS Pack Vendor :STMicroelectronics X-CUBE-EEPRMA1 3.1.0
2021-12-03 10:03:26,055 [INFO] ThirdParty:967 - CMSIS Pack Vendor :STMicroelectronics ThreadX 0.0.2
2021-12-03 10:03:26,055 [INFO] ThirdParty:967 - CMSIS Pack Vendor :STMicroelectronics lwIP 2.0.3
2021-12-03 10:03:26,056 [INFO] ThirdParty:967 - CMSIS Pack Vendor :STMicroelectronics lwIP 2.1.2
2021-12-03 10:03:26,056 [INFO] ThirdParty:967 - CMSIS Pack Vendor :STMicroelectronics X-CUBE-BLE1 6.2.1
2021-12-03 10:03:26,056 [INFO] ThirdParty:967 - CMSIS Pack Vendor :STMicroelectronics X-CUBE-BLE1 6.2.2
2021-12-03 10:03:26,056 [INFO] ThirdParty:967 - CMSIS Pack Vendor :STMicroelectronics X-CUBE-BLE2 3.2.1
2021-12-03 10:03:26,056 [INFO] ThirdParty:967 - CMSIS Pack Vendor :STMicroelectronics X-CUBE-BLE2 3.2.2
2021-12-03 10:03:26,056 [INFO] ThirdParty:967 - CMSIS Pack Vendor :STMicroelectronics X-CUBE-DISPLAY 2.0.0
2021-12-03 10:03:26,056 [INFO] ThirdParty:967 - CMSIS Pack Vendor :STMicroelectronics USB_HOST 1.0.0
2021-12-03 10:03:26,056 [INFO] ThirdParty:967 - CMSIS Pack Vendor :STMicroelectronics X-CUBE-NFC4 2.0.3
2021-12-03 10:03:26,057 [INFO] ThirdParty:967 - CMSIS Pack Vendor :STMicroelectronics PDM2PCM 3.1.0
2021-12-03 10:03:26,057 [INFO] ThirdParty:967 - CMSIS Pack Vendor :STMicroelectronics PDM2PCM 3.2.0
2021-12-03 10:03:26,057 [INFO] ThirdParty:967 - CMSIS Pack Vendor :STMicroelectronics PDM2PCM 3.3.0
2021-12-03 10:03:26,057 [INFO] ThirdParty:967 - CMSIS Pack Vendor :STMicroelectronics X-CUBE-TOUCHGFX 4.18.0
2021-12-03 10:03:26,057 [INFO] ThirdParty:787 - exiting critical section [change project]
2021-12-03 10:03:26,953 [INFO] PinOutPanel:1463 - setPackage(No Configuration,No Configuration)
2021-12-03 10:03:26,954 [INFO] PinOutPanel:1463 - setPackage(STM32F103C8Tx,LQFP48)
2021-12-03 10:03:27,717 [INFO] UtilMem:74 - Before build in PCC Used Memory: 594730496 Bytes (764411904)
2021-12-03 10:03:29,312 [INFO] UtilMem:74 - After build in PCC Used Memory: 613781288 Bytes (764411904)
2021-12-03 10:03:29,339 [INFO] IPUIPlugin:74 - create IPUIPlugin
2021-12-03 10:03:29,339 [INFO] IPUIPlugin:74 - create IPUIPlugin
2021-12-03 10:03:29,340 [INFO] IPUIPlugin:74 - create IPUIPlugin
2021-12-03 10:03:29,340 [INFO] IPUIPlugin:74 - create IPUIPlugin
2021-12-03 10:03:29,340 [INFO] IPUIPlugin:74 - create IPUIPlugin
2021-12-03 10:03:29,340 [INFO] IPUIPlugin:74 - create IPUIPlugin
2021-12-03 10:03:29,340 [INFO] IPUIPlugin:74 - create IPUIPlugin
2021-12-03 10:03:29,340 [INFO] IPUIPlugin:74 - create IPUIPlugin
2021-12-03 10:03:29,341 [INFO] IPUIPlugin:74 - create IPUIPlugin
2021-12-03 10:03:29,341 [INFO] IPUIPlugin:74 - create IPUIPlugin
2021-12-03 10:03:29,341 [INFO] IPUIPlugin:74 - create IPUIPlugin
2021-12-03 10:03:29,341 [INFO] IPUIPlugin:74 - create IPUIPlugin
2021-12-03 10:03:29,342 [INFO] IPUIPlugin:74 - create IPUIPlugin
2021-12-03 10:03:29,342 [INFO] IPUIPlugin:74 - create IPUIPlugin
2021-12-03 10:03:29,342 [INFO] IPUIPlugin:74 - create IPUIPlugin
2021-12-03 10:03:29,343 [INFO] IPUIPlugin:74 - create IPUIPlugin
2021-12-03 10:03:29,343 [INFO] IPUIPlugin:74 - create IPUIPlugin
2021-12-03 10:03:29,343 [INFO] IPUIPlugin:74 - create IPUIPlugin
2021-12-03 10:03:29,343 [INFO] IPUIPlugin:74 - create IPUIPlugin
2021-12-03 10:03:29,344 [INFO] IPUIPlugin:74 - create IPUIPlugin
2021-12-03 10:03:29,344 [INFO] IPUIPlugin:74 - create IPUIPlugin
2021-12-03 10:03:29,345 [INFO] IPUIPlugin:74 - create IPUIPlugin
2021-12-03 10:03:29,345 [INFO] IPUIPlugin:74 - create IPUIPlugin
2021-12-03 10:03:29,345 [INFO] IPUIPlugin:74 - create IPUIPlugin
2021-12-03 10:03:29,346 [INFO] IPUIPlugin:74 - create IPUIPlugin
2021-12-03 10:03:29,346 [INFO] IPUIPlugin:74 - create IPUIPlugin
2021-12-03 10:03:29,347 [INFO] IPUIPlugin:74 - create IPUIPlugin
2021-12-03 10:03:29,675 [INFO] OpenFileManager:333 - Restore cursor
2021-12-03 10:32:13,253 [INFO] MainUpdater:2671 - connection check result : 10
2021-12-03 10:32:13,255 [INFO] MainUpdater:2671 - connection check result : 10
2021-12-03 10:32:14,046 [INFO] MicroXplorer:448 - Change Database Path : 
2021-12-03 10:32:14,046 [INFO] MicroXplorer:478 - Change Database Version : DB.6.0.30
2021-12-03 10:32:14,047 [WARN] ThirdParty:813 - waiting for thirdparty lock release [close project]
2021-12-03 10:32:14,047 [INFO] ThirdParty:815 - entering critical section [close project]
2021-12-03 10:32:14,047 [INFO] ThirdParty:825 - exiting critical section [close project]
2021-12-03 10:32:14,048 [INFO] PinOutPanel:1463 - setPackage(No Configuration,No Configuration)
2021-12-03 10:32:14,060 [INFO] UtilMem:74 - Begin LoadConfig() Used Memory: 540770416 Bytes (764411904)
2021-12-03 10:32:14,060 [INFO] MicroXplorer:448 - Change Database Path : 
2021-12-03 10:32:14,060 [INFO] MicroXplorer:478 - Change Database Version : DB.6.0.30
2021-12-03 10:32:14,060 [INFO] OpenFileManager:313 - Change cursor
2021-12-03 10:32:14,907 [INFO] Context:592 - Trying to add GPIOservice into a context  which must be forbidden
2021-12-03 10:32:15,110 [WARN] ApiManager:304 - Cannot register API 'Board Extension:S2868A1' from pack STMicroelectronics.X-CUBE-SFXS2LP1.3.1.0: no header file found
2021-12-03 10:32:15,111 [WARN] ApiManager:304 - Cannot register API 'Board Extension:S2868A2' from pack STMicroelectronics.X-CUBE-SFXS2LP1.3.1.0: no header file found
2021-12-03 10:32:15,111 [WARN] ApiManager:304 - Cannot register API 'Board Extension:S2915A1' from pack STMicroelectronics.X-CUBE-SFXS2LP1.3.1.0: no header file found
2021-12-03 10:32:15,117 [WARN] ModelIntegratedComponent:60 - No mode defined for component null
2021-12-03 10:32:15,118 [WARN] ModelIntegratedComponent:60 - No mode defined for component null
2021-12-03 10:32:15,118 [WARN] ModelIntegratedComponent:60 - No mode defined for component null
2021-12-03 10:32:15,118 [WARN] ModelIntegratedComponent:60 - No mode defined for component null
2021-12-03 10:32:15,118 [WARN] ModelIntegratedComponent:60 - No mode defined for component null
2021-12-03 10:32:15,118 [WARN] ModelIntegratedComponent:60 - No mode defined for component null
2021-12-03 10:32:15,118 [WARN] ModelIntegratedComponent:60 - No mode defined for component null
2021-12-03 10:32:15,118 [WARN] ModelIntegratedComponent:60 - No mode defined for component null
2021-12-03 10:32:15,118 [WARN] ModelIntegratedComponent:60 - No mode defined for component null
2021-12-03 10:32:15,118 [WARN] ModelIntegratedComponent:60 - No mode defined for component null
2021-12-03 10:32:15,118 [WARN] ModelIntegratedComponent:60 - No mode defined for component null
2021-12-03 10:32:15,119 [WARN] ModelIntegratedComponent:60 - No mode defined for component null
2021-12-03 10:32:15,119 [WARN] ModelIntegratedComponent:60 - No mode defined for component null
2021-12-03 10:32:15,119 [WARN] ModelIntegratedComponent:60 - No mode defined for component null
2021-12-03 10:32:15,119 [WARN] ModelIntegratedComponent:60 - No mode defined for component null
2021-12-03 10:32:15,119 [WARN] ModelIntegratedComponent:60 - No mode defined for component null
2021-12-03 10:32:15,119 [WARN] ModelIntegratedComponent:60 - No mode defined for component null
2021-12-03 10:32:15,119 [WARN] ModelIntegratedComponent:60 - No mode defined for component null
2021-12-03 10:32:15,119 [WARN] ModelIntegratedComponent:60 - No mode defined for component null
2021-12-03 10:32:15,119 [WARN] ModelIntegratedComponent:60 - No mode defined for component null
2021-12-03 10:32:15,119 [WARN] ModelIntegratedComponent:60 - No mode defined for component null
2021-12-03 10:32:15,120 [WARN] ModelIntegratedComponent:60 - No mode defined for component null
2021-12-03 10:32:15,120 [WARN] ModelIntegratedComponent:60 - No mode defined for component null
2021-12-03 10:32:15,120 [WARN] ModelIntegratedComponent:60 - No mode defined for component null
2021-12-03 10:32:15,120 [WARN] ModelIntegratedComponent:60 - No mode defined for component null
2021-12-03 10:32:15,120 [WARN] ModelIntegratedComponent:60 - No mode defined for component null
2021-12-03 10:32:15,120 [WARN] ModelIntegratedComponent:60 - No mode defined for component null
2021-12-03 10:32:15,120 [WARN] ModelIntegratedComponent:60 - No mode defined for component null
2021-12-03 10:32:15,120 [WARN] ModelIntegratedComponent:60 - No mode defined for component null
2021-12-03 10:32:15,120 [WARN] ModelIntegratedComponent:60 - No mode defined for component null
2021-12-03 10:32:15,120 [WARN] ModelIntegratedComponent:60 - No mode defined for component null
2021-12-03 10:32:15,321 [WARN] ApiManager:304 - Cannot register API 'Board Extension:IKS01A3' from pack STMicroelectronics.X-CUBE-MEMS1.9.0.0: no header file found
2021-12-03 10:32:15,321 [WARN] ApiManager:304 - Cannot register API 'Board Extension:IKS01A2' from pack STMicroelectronics.X-CUBE-MEMS1.9.0.0: no header file found
2021-12-03 10:32:15,321 [WARN] ApiManager:304 - Cannot register API 'Board Extension:IKS02A1' from pack STMicroelectronics.X-CUBE-MEMS1.9.0.0: no header file found
2021-12-03 10:32:15,329 [WARN] ApiManager:304 - Cannot register API 'Board Extension:S2868A1' from pack STMicroelectronics.X-CUBE-SUBG2.4.2.0: no header file found
2021-12-03 10:32:15,329 [WARN] ApiManager:304 - Cannot register API 'Board Extension:S2868A2' from pack STMicroelectronics.X-CUBE-SUBG2.4.2.0: no header file found
2021-12-03 10:32:15,329 [WARN] ApiManager:304 - Cannot register API 'Board Extension:S2915A1' from pack STMicroelectronics.X-CUBE-SUBG2.4.2.0: no header file found
2021-12-03 10:32:15,478 [WARN] ApiManager:304 - Cannot register API 'Board Extension:IKS01A3' from pack STMicroelectronics.X-CUBE-MEMS1.9.1.0: no header file found
2021-12-03 10:32:15,479 [WARN] ApiManager:304 - Cannot register API 'Board Extension:IKS01A2' from pack STMicroelectronics.X-CUBE-MEMS1.9.1.0: no header file found
2021-12-03 10:32:15,479 [WARN] ApiManager:304 - Cannot register API 'Board Extension:IKS02A1' from pack STMicroelectronics.X-CUBE-MEMS1.9.1.0: no header file found
2021-12-03 10:32:15,484 [INFO] RtosManager:484 - Registered RTOS mode: class=CMSIS, group=RTOS, mode=CMSIS_V1, owner=FREERTOS
2021-12-03 10:32:15,485 [INFO] RtosManager:484 - Registered RTOS mode: class=CMSIS, group=RTOS2, mode=CMSIS_V2, owner=FREERTOS
2021-12-03 10:32:15,485 [INFO] RtosManager:484 - Registered RTOS mode: class=RTOS, group=Core, mode=CMSIS_V1, owner=FREERTOS
2021-12-03 10:32:15,485 [INFO] RtosManager:484 - Registered RTOS mode: class=RTOS, group=Core, mode=CMSIS_V2, owner=FREERTOS
2021-12-03 10:32:15,485 [WARN] ModelIntegratedComponent:181 - Missing modes for component STMicroelectronics:FreeRTOS:0.0.1:STMicroelectronics:RTOS:FreeRTOS:Core:::10.2.0:
2021-12-03 10:32:15,487 [WARN] ApiManager:304 - Cannot register API 'Board Extension:EEPRMA1' from pack STMicroelectronics.X-CUBE-EEPRMA1.3.1.0: no header file found
2021-12-03 10:32:15,487 [WARN] ApiManager:304 - Cannot register API 'Board Extension:EEPRMA2' from pack STMicroelectronics.X-CUBE-EEPRMA1.3.1.0: no header file found
2021-12-03 10:32:15,488 [WARN] ApiManager:304 - Cannot register API 'Wireless:BlueNRG-MS' from pack STMicroelectronics.X-CUBE-BLE1.6.2.1: no header file found
2021-12-03 10:32:15,488 [WARN] ApiManager:304 - Cannot register API 'Wireless:BlueNRG-MS' from pack STMicroelectronics.X-CUBE-BLE1.6.2.2: no header file found
2021-12-03 10:32:15,489 [WARN] ApiManager:304 - Cannot register API 'Wireless:BlueNRG-2' from pack STMicroelectronics.X-CUBE-BLE2.3.2.1: no header file found
2021-12-03 10:32:15,489 [WARN] ApiManager:304 - Cannot register API 'Wireless:BlueNRG-2' from pack STMicroelectronics.X-CUBE-BLE2.3.2.2: no header file found
2021-12-03 10:32:15,490 [WARN] ApiManager:304 - Cannot register API 'Board Extension:NFC04A1' from pack STMicroelectronics.X-CUBE-NFC4.2.0.3: no header file found
2021-12-03 10:32:16,735 [INFO] ImportTextPane:167 - (OptionalMessage_ERROR) IP (DMA) : Parameter (Instance) has Id (ADC1) currently not set
2021-12-03 10:32:16,736 [INFO] ImportTextPane:167 - (OptionalMessage_ERROR) IP (DMA) : Parameter (Direction) has Id (ADC1) currently not set
2021-12-03 10:32:16,736 [INFO] ImportTextPane:167 - (OptionalMessage_ERROR) IP (DMA) : Parameter (PeriphInc) has Id (ADC1) currently not set
2021-12-03 10:32:16,736 [INFO] ImportTextPane:167 - (OptionalMessage_ERROR) IP (DMA) : Parameter (MemInc) has Id (ADC1) currently not set
2021-12-03 10:32:16,737 [INFO] ImportTextPane:167 - (OptionalMessage_ERROR) IP (DMA) : Parameter (PeriphDataAlignment) has Id (ADC1) currently not set
2021-12-03 10:32:16,737 [INFO] ImportTextPane:167 - (OptionalMessage_ERROR) IP (DMA) : Parameter (MemDataAlignment) has Id (ADC1) currently not set
2021-12-03 10:32:16,738 [INFO] ImportTextPane:167 - (OptionalMessage_ERROR) IP (DMA) : Parameter (Mode) has Id (ADC1) currently not set
2021-12-03 10:32:16,738 [INFO] ImportTextPane:167 - (OptionalMessage_ERROR) IP (DMA) : Parameter (Priority) has Id (ADC1) currently not set
2021-12-03 10:32:16,916 [INFO] UtilMem:74 - End LoadConfig() Used Memory: 647761632 Bytes (764411904)
2021-12-03 10:32:16,918 [WARN] ThirdParty:779 - waiting for thirdparty lock release [change project]
2021-12-03 10:32:16,918 [INFO] ThirdParty:781 - entering critical section [change project]
2021-12-03 10:32:16,918 [INFO] ThirdParty:967 - CMSIS Pack Vendor :STMicroelectronics X-CUBE-SFXS2LP1 3.1.0
2021-12-03 10:32:16,918 [INFO] ThirdParty:967 - CMSIS Pack Vendor :STMicroelectronics X-CUBE-AZRTOS-F4 1.0.0
2021-12-03 10:32:16,918 [INFO] ThirdParty:967 - CMSIS Pack Vendor :STMicroelectronics USB_HOST 2.0.0
2021-12-03 10:32:16,918 [INFO] ThirdParty:967 - CMSIS Pack Vendor :STMicroelectronics X-CUBE-AZRTOS-H7 2.0.0
2021-12-03 10:32:16,918 [INFO] ThirdParty:967 - CMSIS Pack Vendor :STMicroelectronics X-CUBE-AZRTOS-L4 1.0.0
2021-12-03 10:32:16,919 [INFO] ThirdParty:967 - CMSIS Pack Vendor :STMicroelectronics USB_DEVICE 3.0.0
2021-12-03 10:32:16,919 [INFO] ThirdParty:967 - CMSIS Pack Vendor :STMicroelectronics X-CUBE-TOF1 2.0.0
2021-12-03 10:32:16,919 [INFO] ThirdParty:967 - CMSIS Pack Vendor :STMicroelectronics HAL Drivers 0.0.0
2021-12-03 10:32:16,919 [INFO] ThirdParty:967 - CMSIS Pack Vendor :STMicroelectronics MBEDTLS 2.16.2
2021-12-03 10:32:16,919 [INFO] ThirdParty:967 - CMSIS Pack Vendor :STMicroelectronics MBEDTLS 2.14.1
2021-12-03 10:32:16,919 [INFO] ThirdParty:967 - CMSIS Pack Vendor :STMicroelectronics X-CUBE-MEMS1 9.0.0
2021-12-03 10:32:16,919 [INFO] ThirdParty:967 - CMSIS Pack Vendor :STMicroelectronics X-CUBE-SUBG2 4.2.0
2021-12-03 10:32:16,919 [INFO] ThirdParty:967 - CMSIS Pack Vendor :STMicroelectronics X-CUBE-MEMS1 9.1.0
2021-12-03 10:32:16,919 [INFO] ThirdParty:967 - CMSIS Pack Vendor :STMicroelectronics X-CUBE-ALS 1.0.1
2021-12-03 10:32:16,919 [INFO] ThirdParty:967 - CMSIS Pack Vendor :STMicroelectronics USB_DEVICE 2.0.0
2021-12-03 10:32:16,920 [INFO] ThirdParty:967 - CMSIS Pack Vendor :STMicroelectronics X-CUBE-AI 7.0.0
2021-12-03 10:32:16,920 [INFO] ThirdParty:967 - CMSIS Pack Vendor :STMicroelectronics X-CUBE-ALGOBUILD 1.2.1
2021-12-03 10:32:16,920 [INFO] ThirdParty:967 - CMSIS Pack Vendor :STMicroelectronics FreeRTOS 0.0.1
2021-12-03 10:32:16,921 [INFO] ThirdParty:967 - CMSIS Pack Vendor :STMicroelectronics USB_DEVICE 1.0.0
2021-12-03 10:32:16,921 [INFO] ThirdParty:967 - CMSIS Pack Vendor :SEGGER I-CUBE-embOS 1.2.0
2021-12-03 10:32:16,921 [INFO] ThirdParty:967 - CMSIS Pack Vendor :STMicroelectronics X-CUBE-EEPRMA1 3.1.0
2021-12-03 10:32:16,921 [INFO] ThirdParty:967 - CMSIS Pack Vendor :STMicroelectronics ThreadX 0.0.2
2021-12-03 10:32:16,921 [INFO] ThirdParty:967 - CMSIS Pack Vendor :STMicroelectronics lwIP 2.0.3
2021-12-03 10:32:16,921 [INFO] ThirdParty:967 - CMSIS Pack Vendor :STMicroelectronics lwIP 2.1.2
2021-12-03 10:32:16,921 [INFO] ThirdParty:967 - CMSIS Pack Vendor :STMicroelectronics X-CUBE-BLE1 6.2.1
2021-12-03 10:32:16,921 [INFO] ThirdParty:967 - CMSIS Pack Vendor :STMicroelectronics X-CUBE-BLE1 6.2.2
2021-12-03 10:32:16,921 [INFO] ThirdParty:967 - CMSIS Pack Vendor :STMicroelectronics X-CUBE-BLE2 3.2.1
2021-12-03 10:32:16,921 [INFO] ThirdParty:967 - CMSIS Pack Vendor :STMicroelectronics X-CUBE-BLE2 3.2.2
2021-12-03 10:32:16,921 [INFO] ThirdParty:967 - CMSIS Pack Vendor :STMicroelectronics X-CUBE-DISPLAY 2.0.0
2021-12-03 10:32:16,921 [INFO] ThirdParty:967 - CMSIS Pack Vendor :STMicroelectronics USB_HOST 1.0.0
2021-12-03 10:32:16,921 [INFO] ThirdParty:967 - CMSIS Pack Vendor :STMicroelectronics X-CUBE-NFC4 2.0.3
2021-12-03 10:32:16,921 [INFO] ThirdParty:967 - CMSIS Pack Vendor :STMicroelectronics PDM2PCM 3.1.0
2021-12-03 10:32:16,921 [INFO] ThirdParty:967 - CMSIS Pack Vendor :STMicroelectronics PDM2PCM 3.2.0
2021-12-03 10:32:16,921 [INFO] ThirdParty:967 - CMSIS Pack Vendor :STMicroelectronics PDM2PCM 3.3.0
2021-12-03 10:32:16,921 [INFO] ThirdParty:967 - CMSIS Pack Vendor :STMicroelectronics X-CUBE-TOUCHGFX 4.18.0
2021-12-03 10:32:16,921 [INFO] ThirdParty:787 - exiting critical section [change project]
2021-12-03 10:32:17,105 [INFO] PinOutPanel:1463 - setPackage(No Configuration,No Configuration)
2021-12-03 10:32:17,107 [INFO] PinOutPanel:1463 - setPackage(STM32F103C8Tx,LQFP48)
2021-12-03 10:32:17,399 [INFO] UtilMem:74 - Before build in PCC Used Memory: 508685808 Bytes (764411904)
2021-12-03 10:32:17,744 [INFO] UtilMem:74 - After build in PCC Used Memory: 577369584 Bytes (764411904)
2021-12-03 10:32:17,770 [INFO] IPUIPlugin:74 - create IPUIPlugin
2021-12-03 10:32:17,770 [INFO] IPUIPlugin:74 - create IPUIPlugin
2021-12-03 10:32:17,770 [INFO] IPUIPlugin:74 - create IPUIPlugin
2021-12-03 10:32:17,770 [INFO] IPUIPlugin:74 - create IPUIPlugin
2021-12-03 10:32:17,770 [INFO] IPUIPlugin:74 - create IPUIPlugin
2021-12-03 10:32:17,771 [INFO] IPUIPlugin:74 - create IPUIPlugin
2021-12-03 10:32:17,771 [INFO] IPUIPlugin:74 - create IPUIPlugin
2021-12-03 10:32:17,771 [INFO] IPUIPlugin:74 - create IPUIPlugin
2021-12-03 10:32:17,771 [INFO] IPUIPlugin:74 - create IPUIPlugin
2021-12-03 10:32:17,771 [INFO] IPUIPlugin:74 - create IPUIPlugin
2021-12-03 10:32:17,772 [INFO] IPUIPlugin:74 - create IPUIPlugin
2021-12-03 10:32:17,772 [INFO] IPUIPlugin:74 - create IPUIPlugin
2021-12-03 10:32:17,772 [INFO] IPUIPlugin:74 - create IPUIPlugin
2021-12-03 10:32:17,772 [INFO] IPUIPlugin:74 - create IPUIPlugin
2021-12-03 10:32:17,773 [INFO] IPUIPlugin:74 - create IPUIPlugin
2021-12-03 10:32:17,773 [INFO] IPUIPlugin:74 - create IPUIPlugin
2021-12-03 10:32:17,773 [INFO] IPUIPlugin:74 - create IPUIPlugin
2021-12-03 10:32:17,774 [INFO] IPUIPlugin:74 - create IPUIPlugin
2021-12-03 10:32:17,774 [INFO] IPUIPlugin:74 - create IPUIPlugin
2021-12-03 10:32:17,774 [INFO] IPUIPlugin:74 - create IPUIPlugin
2021-12-03 10:32:17,775 [INFO] IPUIPlugin:74 - create IPUIPlugin
2021-12-03 10:32:17,775 [INFO] IPUIPlugin:74 - create IPUIPlugin
2021-12-03 10:32:17,775 [INFO] IPUIPlugin:74 - create IPUIPlugin
2021-12-03 10:32:17,776 [INFO] IPUIPlugin:74 - create IPUIPlugin
2021-12-03 10:32:17,776 [INFO] IPUIPlugin:74 - create IPUIPlugin
2021-12-03 10:32:17,776 [INFO] IPUIPlugin:74 - create IPUIPlugin
2021-12-03 10:32:17,778 [INFO] IPUIPlugin:74 - create IPUIPlugin
2021-12-03 10:32:17,794 [INFO] OpenFileManager:333 - Restore cursor
2021-12-03 10:32:24,748 [INFO] DmaTabbedPanel:198 - Cannot restore the selected Tab for DMA
2021-12-03 11:33:45,241 [INFO] Activator:177 - 


2021-12-03 11:33:45,243 [INFO] Activator:178 - !SESSION log4j initialized
2021-12-03 11:39:03,669 [INFO] Activator:177 - 


2021-12-03 11:39:03,671 [INFO] Activator:178 - !SESSION log4j initialized
